<?xml version="1.0" encoding="UTF-8"?>
<!-- Generated by org.testng.reporters.JUnitReportReporter -->
<testsuite skipped="0" hostname="INL-FTV5T72" name="com.paragon.netapp.tests.loginTest" tests="1" failures="0" timestamp="02 Apr 2018 10:07:31 GMT" time="87.083" errors="0">
  <testcase name="TestCase01" time="87.083" classname="com.paragon.netapp.tests.loginTest"/>
</testsuite> <!-- com.paragon.netapp.tests.loginTest -->
